1758806786864 - 979 Thread-21
1758806786864 - 978 Thread-22
1758806786864 - 986 Thread-14
1758806786864 - 984 Thread-16
1758806786864 - 989 Thread-11
1758806786864 - 988 Thread-12
1758806786864 - 994 Thread-6
1758806786864 - 993 Thread-7
1758806786864 - 995 Thread-5
1758806786864 - 990 Thread-10
1758806786864 - 987 Thread-13
1758806786866 - 992 Thread-8
1758806786866 - 983 Thread-17
1758806786867 - 977 Thread-23
1758806786867 - 999 Thread-1
1758806786867 - 998 Thread-2
1758806786867 - 981 Thread-19
1758806786867 - 975 Thread-25
1758806786867 - 982 Thread-18
1758806786867 - 976 Thread-24
1758806786867 - 974 Thread-26
1758806786867 - 973 Thread-27
1758806786867 - 972 Thread-28
1758806786867 - 980 Thread-20
1758806786867 - 985 Thread-15
1758806786867 - 996 Thread-4
1758806786867 - 991 Thread-9
1758806786867 - 997 Thread-3
1758806786867 - 971 Thread-29
1758806786868 - 970 Thread-30
1758806786868 - 969 Thread-31
1758806786868 - 967 Thread-33
1758806786868 - 968 Thread-32
1758806786868 - 966 Thread-34
1758806786868 - 965 Thread-35
1758806786868 - 964 Thread-36
1758806786868 - 962 Thread-38
1758806786868 - 963 Thread-37
1758806786868 - 961 Thread-39
1758806786869 - 960 Thread-40
1758806786869 - 959 Thread-41
1758806786869 - 958 Thread-42
1758806786869 - 957 Thread-43
1758806786869 - 956 Thread-44
1758806786869 - 955 Thread-45
1758806786869 - 953 Thread-47
1758806786869 - 954 Thread-46
1758806786869 - 952 Thread-48
1758806786869 - 951 Thread-49
1758806786869 - 950 Thread-50
1758806786869 - 948 Thread-52
1758806786869 - 947 Thread-53
1758806786869 - 949 Thread-51
1758806786869 - 946 Thread-54
1758806786870 - 945 Thread-55
1758806786870 - 944 Thread-56
1758806786870 - 943 Thread-57
1758806786870 - 941 Thread-59
1758806786870 - 942 Thread-58
1758806786870 - 940 Thread-60
1758806786870 - 939 Thread-61
1758806786870 - 938 Thread-62
1758806786870 - 937 Thread-63
1758806786870 - 936 Thread-64
1758806786870 - 935 Thread-65
1758806786870 - 933 Thread-67
1758806786870 - 934 Thread-66
1758806786870 - 932 Thread-68
1758806786870 - 931 Thread-69
1758806786870 - 930 Thread-70
1758806786870 - 929 Thread-71
1758806786870 - 928 Thread-72
1758806786870 - 927 Thread-73
1758806786870 - 926 Thread-74
1758806786870 - 925 Thread-75
1758806786870 - 924 Thread-76
1758806786871 - 923 Thread-77
1758806786871 - 922 Thread-78
1758806786871 - 921 Thread-79
1758806786871 - 920 Thread-80
1758806786871 - 919 Thread-81
1758806786871 - 918 Thread-82
1758806786871 - 917 Thread-83
1758806786871 - 916 Thread-84
1758806786871 - 915 Thread-85
1758806786871 - 914 Thread-86
1758806786871 - 913 Thread-87
1758806786871 - 912 Thread-88
1758806786871 - 911 Thread-89
1758806786871 - 910 Thread-90
1758806786871 - 909 Thread-91
1758806786871 - 908 Thread-92
1758806786871 - 907 Thread-93
1758806786871 - 906 Thread-94
1758806786871 - 905 Thread-95
1758806786871 - 904 Thread-96
1758806786871 - 903 Thread-97
1758806786871 - 902 Thread-98
1758806786871 - 901 Thread-99
1758806786872 - 900 Thread-100
1758806786872 - 899 Thread-101
1758806786872 - 898 Thread-102
1758806786872 - 897 Thread-103
1758806786872 - 896 Thread-104
1758806786872 - 895 Thread-105
1758806786872 - 894 Thread-106
1758806786872 - 893 Thread-107
1758806786872 - 891 Thread-109
1758806786872 - 892 Thread-108
1758806786872 - 890 Thread-110
1758806786872 - 889 Thread-111
1758806786872 - 888 Thread-112
1758806786872 - 887 Thread-113
1758806786872 - 886 Thread-114
1758806786872 - 885 Thread-115
1758806786872 - 884 Thread-116
1758806786872 - 883 Thread-117
1758806786872 - 882 Thread-118
1758806786872 - 881 Thread-119
1758806786873 - 880 Thread-120
1758806786873 - 879 Thread-121
1758806786873 - 877 Thread-123
1758806786873 - 878 Thread-122
1758806786873 - 876 Thread-124
1758806786873 - 875 Thread-125
1758806786873 - 874 Thread-126
1758806786873 - 873 Thread-127
1758806786873 - 872 Thread-128
1758806786873 - 871 Thread-129
1758806786873 - 870 Thread-130
1758806786873 - 869 Thread-131
1758806786873 - 868 Thread-132
1758806786873 - 867 Thread-133
1758806786873 - 866 Thread-134
1758806786873 - 865 Thread-135
1758806786873 - 864 Thread-136
1758806786874 - 863 Thread-137
1758806786874 - 862 Thread-138
1758806786874 - 861 Thread-139
1758806786874 - 860 Thread-140
1758806786874 - 859 Thread-141
1758806786874 - 858 Thread-142
1758806786874 - 857 Thread-143
1758806786874 - 856 Thread-144
1758806786874 - 855 Thread-145
1758806786874 - 854 Thread-146
1758806786874 - 853 Thread-147
1758806786874 - 852 Thread-148
1758806786874 - 851 Thread-149
1758806786874 - 850 Thread-150
1758806786874 - 849 Thread-151
1758806786874 - 848 Thread-152
1758806786874 - 847 Thread-153
1758806786874 - 846 Thread-154
1758806786874 - 845 Thread-155
1758806786874 - 844 Thread-156
1758806786874 - 843 Thread-157
1758806786874 - 842 Thread-158
1758806786875 - 841 Thread-159
1758806786875 - 840 Thread-160
1758806786875 - 839 Thread-161
1758806786875 - 838 Thread-162
1758806786875 - 837 Thread-163
1758806786875 - 836 Thread-164
1758806786875 - 835 Thread-165
1758806786875 - 834 Thread-166
1758806786875 - 833 Thread-167
1758806786875 - 832 Thread-168
1758806786875 - 831 Thread-169
1758806786875 - 830 Thread-170
1758806786875 - 829 Thread-171
1758806786875 - 828 Thread-172
1758806786875 - 827 Thread-173
1758806786875 - 826 Thread-174
1758806786875 - 825 Thread-175
1758806786875 - 824 Thread-176
1758806786875 - 823 Thread-177
1758806786875 - 822 Thread-178
1758806786875 - 821 Thread-179
1758806786875 - 820 Thread-180
1758806786875 - 819 Thread-181
1758806786875 - 818 Thread-182
1758806786876 - 817 Thread-183
1758806786876 - 816 Thread-184
1758806786876 - 815 Thread-185
1758806786876 - 814 Thread-186
1758806786876 - 813 Thread-187
1758806786876 - 812 Thread-188
1758806786876 - 811 Thread-189
1758806786876 - 809 Thread-191
1758806786876 - 810 Thread-190
1758806786876 - 808 Thread-192
1758806786876 - 807 Thread-193
1758806786876 - 806 Thread-194
1758806786876 - 805 Thread-195
1758806786876 - 803 Thread-197
1758806786876 - 804 Thread-196
1758806786876 - 802 Thread-198
1758806786876 - 801 Thread-199
1758806786876 - 800 Thread-200
1758806786876 - 799 Thread-201
1758806786876 - 798 Thread-202
1758806786876 - 797 Thread-203
1758806786876 - 796 Thread-204
1758806786876 - 795 Thread-205
1758806786876 - 794 Thread-206
1758806786877 - 793 Thread-207
1758806786877 - 792 Thread-208
1758806786877 - 791 Thread-209
1758806786877 - 790 Thread-210
1758806786877 - 789 Thread-211
1758806786877 - 788 Thread-212
1758806786877 - 787 Thread-213
1758806786877 - 786 Thread-214
1758806786877 - 785 Thread-215
1758806786877 - 784 Thread-216
1758806786877 - 783 Thread-217
1758806786877 - 782 Thread-218
1758806786877 - 781 Thread-219
1758806786877 - 780 Thread-220
1758806786877 - 779 Thread-221
1758806786877 - 778 Thread-222
1758806786877 - 777 Thread-223
1758806786877 - 776 Thread-224
1758806786877 - 775 Thread-225
1758806786877 - 774 Thread-226
1758806786877 - 773 Thread-227
1758806786877 - 772 Thread-228
1758806786877 - 770 Thread-230
1758806786877 - 771 Thread-229
1758806786877 - 769 Thread-231
1758806786877 - 768 Thread-232
1758806786877 - 767 Thread-233
1758806786878 - 766 Thread-234
1758806786878 - 765 Thread-235
1758806786878 - 764 Thread-236
1758806786878 - 763 Thread-237
1758806786878 - 762 Thread-238
1758806786878 - 761 Thread-239
1758806786878 - 760 Thread-240
1758806786878 - 759 Thread-241
1758806786878 - 758 Thread-242
1758806786878 - 757 Thread-243
1758806786878 - 756 Thread-244
1758806786878 - 755 Thread-245
1758806786878 - 754 Thread-246
1758806786878 - 753 Thread-247
1758806786878 - 752 Thread-248
1758806786878 - 751 Thread-249
1758806786878 - 750 Thread-250
1758806786878 - 749 Thread-251
1758806786878 - 748 Thread-252
1758806786878 - 747 Thread-253
1758806786878 - 746 Thread-254
1758806786878 - 745 Thread-255
1758806786878 - 744 Thread-256
1758806786878 - 743 Thread-257
1758806786879 - 742 Thread-258
1758806786879 - 741 Thread-259
1758806786879 - 740 Thread-260
1758806786879 - 739 Thread-261
1758806786879 - 738 Thread-262
1758806786879 - 737 Thread-263
1758806786879 - 736 Thread-264
1758806786879 - 735 Thread-265
1758806786879 - 734 Thread-266
1758806786879 - 733 Thread-267
1758806786879 - 732 Thread-268
1758806786879 - 731 Thread-269
1758806786879 - 730 Thread-270
1758806786879 - 729 Thread-271
1758806786879 - 728 Thread-272
1758806786879 - 727 Thread-273
1758806786879 - 726 Thread-274
1758806786879 - 725 Thread-275
1758806786879 - 724 Thread-276
1758806786879 - 723 Thread-277
1758806786879 - 722 Thread-278
1758806786879 - 721 Thread-279
1758806786879 - 720 Thread-280
1758806786880 - 719 Thread-281
1758806786880 - 718 Thread-282
1758806786880 - 717 Thread-283
1758806786880 - 716 Thread-284
1758806786880 - 715 Thread-285
1758806786880 - 714 Thread-286
1758806786880 - 713 Thread-287
1758806786880 - 712 Thread-288
1758806786880 - 711 Thread-289
1758806786880 - 710 Thread-290
1758806786880 - 709 Thread-291
1758806786880 - 708 Thread-292
1758806786880 - 707 Thread-293
1758806786880 - 706 Thread-294
1758806786880 - 705 Thread-295
1758806786880 - 704 Thread-296
1758806786880 - 703 Thread-297
1758806786880 - 702 Thread-298
1758806786880 - 701 Thread-299
1758806786880 - 700 Thread-300
1758806786880 - 699 Thread-301
1758806786880 - 698 Thread-302
1758806786880 - 697 Thread-303
1758806786880 - 696 Thread-304
1758806786880 - 695 Thread-305
1758806786880 - 694 Thread-306
1758806786881 - 693 Thread-307
1758806786881 - 692 Thread-308
1758806786881 - 691 Thread-309
1758806786881 - 690 Thread-310
1758806786881 - 689 Thread-311
1758806786881 - 688 Thread-312
1758806786881 - 687 Thread-313
1758806786881 - 686 Thread-314
1758806786881 - 685 Thread-315
1758806786881 - 684 Thread-316
1758806786881 - 683 Thread-317
1758806786881 - 682 Thread-318
1758806786881 - 681 Thread-319
1758806786881 - 680 Thread-320
1758806786881 - 679 Thread-321
1758806786881 - 678 Thread-322
1758806786881 - 677 Thread-323
1758806786881 - 676 Thread-324
1758806786881 - 675 Thread-325
1758806786881 - 673 Thread-327
1758806786881 - 674 Thread-326
1758806786881 - 672 Thread-328
1758806786881 - 671 Thread-329
1758806786881 - 670 Thread-330
1758806786882 - 669 Thread-331
1758806786882 - 668 Thread-332
1758806786882 - 667 Thread-333
1758806786882 - 666 Thread-334
1758806786882 - 665 Thread-335
1758806786882 - 664 Thread-336
1758806786882 - 663 Thread-337
1758806786882 - 662 Thread-338
1758806786882 - 661 Thread-339
1758806786882 - 660 Thread-340
1758806786882 - 659 Thread-341
1758806786882 - 658 Thread-342
1758806786882 - 657 Thread-343
1758806786882 - 656 Thread-344
1758806786882 - 655 Thread-345
1758806786882 - 654 Thread-346
1758806786882 - 653 Thread-347
1758806786882 - 652 Thread-348
1758806786882 - 651 Thread-349
1758806786882 - 650 Thread-350
1758806786882 - 649 Thread-351
1758806786882 - 648 Thread-352
1758806786882 - 647 Thread-353
1758806786882 - 646 Thread-354
1758806786882 - 645 Thread-355
1758806786882 - 644 Thread-356
1758806786882 - 643 Thread-357
1758806786882 - 642 Thread-358
1758806786883 - 641 Thread-359
1758806786883 - 640 Thread-360
1758806786883 - 639 Thread-361
1758806786883 - 638 Thread-362
1758806786883 - 637 Thread-363
1758806786883 - 636 Thread-364
1758806786883 - 635 Thread-365
1758806786883 - 634 Thread-366
1758806786883 - 633 Thread-367
1758806786883 - 632 Thread-368
1758806786883 - 631 Thread-369
1758806786883 - 630 Thread-370
1758806786883 - 629 Thread-371
1758806786883 - 628 Thread-372
1758806786883 - 627 Thread-373
1758806786883 - 626 Thread-374
1758806786883 - 625 Thread-375
1758806786883 - 624 Thread-376
1758806786883 - 623 Thread-377
1758806786883 - 622 Thread-378
1758806786883 - 621 Thread-379
1758806786883 - 620 Thread-380
1758806786884 - 619 Thread-381
1758806786884 - 617 Thread-383
1758806786884 - 618 Thread-382
1758806786884 - 616 Thread-384
1758806786884 - 615 Thread-385
1758806786884 - 614 Thread-386
1758806786884 - 613 Thread-387
1758806786884 - 611 Thread-389
1758806786884 - 612 Thread-388
1758806786884 - 610 Thread-390
1758806786884 - 609 Thread-391
1758806786884 - 606 Thread-394
1758806786884 - 608 Thread-392
1758806786884 - 607 Thread-393
1758806786884 - 605 Thread-395
1758806786884 - 604 Thread-396
1758806786884 - 603 Thread-397
1758806786884 - 602 Thread-398
1758806786884 - 601 Thread-399
1758806786884 - 600 Thread-400
1758806786884 - 599 Thread-401
1758806786884 - 598 Thread-402
1758806786885 - 597 Thread-403
1758806786885 - 596 Thread-404
1758806786885 - 595 Thread-405
1758806786885 - 593 Thread-407
1758806786885 - 594 Thread-406
1758806786885 - 592 Thread-408
1758806786885 - 591 Thread-409
1758806786885 - 590 Thread-410
1758806786885 - 589 Thread-411
1758806786885 - 588 Thread-412
1758806786885 - 587 Thread-413
1758806786885 - 586 Thread-414
1758806786885 - 585 Thread-415
1758806786885 - 584 Thread-416
1758806786885 - 583 Thread-417
1758806786885 - 582 Thread-418
1758806786885 - 581 Thread-419
1758806786885 - 580 Thread-420
1758806786885 - 579 Thread-421
1758806786885 - 578 Thread-422
1758806786885 - 577 Thread-423
1758806786885 - 576 Thread-424
1758806786885 - 575 Thread-425
1758806786885 - 574 Thread-426
1758806786885 - 572 Thread-428
1758806786885 - 573 Thread-427
1758806786885 - 571 Thread-429
1758806786885 - 570 Thread-430
1758806786886 - 569 Thread-431
1758806786886 - 568 Thread-432
1758806786886 - 567 Thread-433
1758806786886 - 566 Thread-434
1758806786886 - 565 Thread-435
1758806786886 - 564 Thread-436
1758806786886 - 562 Thread-438
1758806786886 - 563 Thread-437
1758806786886 - 561 Thread-439
1758806786886 - 560 Thread-440
1758806786886 - 559 Thread-441
1758806786886 - 558 Thread-442
1758806786886 - 557 Thread-443
1758806786886 - 556 Thread-444
1758806786886 - 555 Thread-445
1758806786886 - 554 Thread-446
1758806786886 - 553 Thread-447
1758806786886 - 552 Thread-448
1758806786886 - 551 Thread-449
1758806786886 - 550 Thread-450
1758806786886 - 549 Thread-451
1758806786886 - 548 Thread-452
1758806786886 - 547 Thread-453
1758806786886 - 546 Thread-454
1758806786886 - 545 Thread-455
1758806786887 - 544 Thread-456
1758806786887 - 543 Thread-457
1758806786887 - 542 Thread-458
1758806786887 - 541 Thread-459
1758806786887 - 540 Thread-460
1758806786887 - 539 Thread-461
1758806786887 - 538 Thread-462
1758806786887 - 537 Thread-463
1758806786887 - 536 Thread-464
1758806786887 - 535 Thread-465
1758806786887 - 534 Thread-466
1758806786887 - 533 Thread-467
1758806786887 - 532 Thread-468
1758806786887 - 531 Thread-469
1758806786887 - 530 Thread-470
1758806786887 - 529 Thread-471
1758806786887 - 528 Thread-472
1758806786887 - 527 Thread-473
1758806786887 - 526 Thread-474
1758806786887 - 525 Thread-475
1758806786887 - 524 Thread-476
1758806786887 - 523 Thread-477
1758806786887 - 522 Thread-478
1758806786887 - 521 Thread-479
1758806786887 - 520 Thread-480
1758806786887 - 519 Thread-481
1758806786887 - 518 Thread-482
1758806786888 - 517 Thread-483
1758806786888 - 516 Thread-484
1758806786888 - 515 Thread-485
1758806786888 - 514 Thread-486
1758806786888 - 513 Thread-487
1758806786888 - 512 Thread-488
1758806786888 - 511 Thread-489
1758806786888 - 510 Thread-490
1758806786888 - 509 Thread-491
1758806786888 - 508 Thread-492
1758806786888 - 507 Thread-493
1758806786888 - 506 Thread-494
1758806786888 - 505 Thread-495
1758806786888 - 504 Thread-496
1758806786888 - 503 Thread-497
1758806786888 - 502 Thread-498
1758806786888 - 501 Thread-499
1758806786888 - 500 Thread-500
1758806786888 - 499 Thread-501
1758806786888 - 498 Thread-502
1758806786888 - 497 Thread-503
1758806786888 - 496 Thread-504
1758806786888 - 495 Thread-505
1758806786888 - 494 Thread-506
1758806786888 - 493 Thread-507
1758806786888 - 492 Thread-508
1758806786889 - 491 Thread-509
1758806786889 - 490 Thread-510
1758806786889 - 489 Thread-511
1758806786889 - 487 Thread-513
1758806786889 - 486 Thread-514
1758806786889 - 488 Thread-512
1758806786889 - 485 Thread-515
1758806786889 - 484 Thread-516
1758806786889 - 483 Thread-517
1758806786889 - 482 Thread-518
1758806786889 - 481 Thread-519
1758806786889 - 480 Thread-520
1758806786889 - 479 Thread-521
1758806786889 - 478 Thread-522
1758806786889 - 477 Thread-523
1758806786889 - 476 Thread-524
1758806786889 - 475 Thread-525
1758806786889 - 474 Thread-526
1758806786889 - 473 Thread-527
1758806786889 - 472 Thread-528
1758806786889 - 471 Thread-529
1758806786889 - 470 Thread-530
1758806786889 - 469 Thread-531
1758806786889 - 468 Thread-532
1758806786889 - 467 Thread-533
1758806786890 - 466 Thread-534
1758806786890 - 465 Thread-535
1758806786890 - 464 Thread-536
1758806786890 - 463 Thread-537
1758806786890 - 462 Thread-538
1758806786890 - 461 Thread-539
1758806786890 - 460 Thread-540
1758806786890 - 459 Thread-541
1758806786890 - 458 Thread-542
1758806786890 - 457 Thread-543
1758806786890 - 456 Thread-544
1758806786890 - 455 Thread-545
1758806786890 - 454 Thread-546
1758806786890 - 453 Thread-547
1758806786890 - 452 Thread-548
1758806786890 - 451 Thread-549
1758806786890 - 450 Thread-550
1758806786890 - 449 Thread-551
1758806786890 - 448 Thread-552
1758806786890 - 447 Thread-553
1758806786890 - 446 Thread-554
1758806786890 - 445 Thread-555
1758806786890 - 444 Thread-556
1758806786890 - 443 Thread-557
1758806786890 - 442 Thread-558
1758806786890 - 441 Thread-559
1758806786891 - 440 Thread-560
1758806786891 - 439 Thread-561
1758806786891 - 438 Thread-562
1758806786891 - 437 Thread-563
1758806786891 - 436 Thread-564
1758806786891 - 435 Thread-565
1758806786891 - 434 Thread-566
1758806786891 - 433 Thread-567
1758806786891 - 432 Thread-568
1758806786891 - 431 Thread-569
1758806786891 - 430 Thread-570
1758806786891 - 429 Thread-571
1758806786891 - 428 Thread-572
1758806786891 - 427 Thread-573
1758806786891 - 426 Thread-574
1758806786891 - 425 Thread-575
1758806786891 - 424 Thread-576
1758806786891 - 423 Thread-577
1758806786891 - 422 Thread-578
1758806786891 - 421 Thread-579
1758806786891 - 420 Thread-580
1758806786891 - 419 Thread-581
1758806786891 - 418 Thread-582
1758806786892 - 417 Thread-583
1758806786892 - 416 Thread-584
1758806786892 - 415 Thread-585
1758806786892 - 414 Thread-586
1758806786892 - 413 Thread-587
1758806786892 - 412 Thread-588
1758806786892 - 411 Thread-589
1758806786892 - 410 Thread-590
1758806786892 - 409 Thread-591
1758806786892 - 408 Thread-592
1758806786892 - 407 Thread-593
1758806786892 - 406 Thread-594
1758806786892 - 405 Thread-595
1758806786892 - 404 Thread-596
1758806786892 - 402 Thread-598
1758806786892 - 403 Thread-597
1758806786892 - 401 Thread-599
1758806786892 - 400 Thread-600
1758806786892 - 399 Thread-601
1758806786892 - 398 Thread-602
1758806786892 - 397 Thread-603
1758806786892 - 396 Thread-604
1758806786892 - 395 Thread-605
1758806786892 - 394 Thread-606
1758806786892 - 393 Thread-607
1758806786892 - 392 Thread-608
1758806786892 - 391 Thread-609
1758806786892 - 390 Thread-610
1758806786893 - 389 Thread-611
1758806786893 - 388 Thread-612
1758806786893 - 387 Thread-613
1758806786893 - 386 Thread-614
1758806786893 - 385 Thread-615
1758806786893 - 384 Thread-616
1758806786893 - 383 Thread-617
1758806786893 - 382 Thread-618
1758806786893 - 381 Thread-619
1758806786893 - 380 Thread-620
1758806786893 - 379 Thread-621
1758806786893 - 378 Thread-622
1758806786893 - 377 Thread-623
1758806786893 - 376 Thread-624
1758806786893 - 375 Thread-625
1758806786893 - 374 Thread-626
1758806786893 - 373 Thread-627
1758806786893 - 372 Thread-628
1758806786893 - 371 Thread-629
1758806786893 - 370 Thread-630
1758806786893 - 369 Thread-631
1758806786893 - 368 Thread-632
1758806786893 - 367 Thread-633
1758806786893 - 366 Thread-634
1758806786893 - 365 Thread-635
1758806786893 - 364 Thread-636
1758806786893 - 363 Thread-637
1758806786893 - 362 Thread-638
1758806786894 - 361 Thread-639
1758806786894 - 359 Thread-641
1758806786894 - 360 Thread-640
1758806786894 - 358 Thread-642
1758806786894 - 357 Thread-643
1758806786894 - 356 Thread-644
1758806786894 - 355 Thread-645
1758806786894 - 354 Thread-646
1758806786894 - 353 Thread-647
1758806786894 - 352 Thread-648
1758806786894 - 351 Thread-649
1758806786894 - 350 Thread-650
1758806786894 - 349 Thread-651
1758806786894 - 348 Thread-652
1758806786894 - 347 Thread-653
1758806786894 - 346 Thread-654
1758806786894 - 345 Thread-655
1758806786894 - 344 Thread-656
1758806786894 - 343 Thread-657
1758806786894 - 342 Thread-658
1758806786894 - 341 Thread-659
1758806786894 - 340 Thread-660
1758806786894 - 339 Thread-661
1758806786894 - 338 Thread-662
1758806786894 - 337 Thread-663
1758806786895 - 336 Thread-664
1758806786895 - 335 Thread-665
1758806786895 - 334 Thread-666
1758806786895 - 333 Thread-667
1758806786895 - 332 Thread-668
1758806786895 - 331 Thread-669
1758806786895 - 330 Thread-670
1758806786895 - 329 Thread-671
1758806786895 - 328 Thread-672
1758806786895 - 327 Thread-673
1758806786895 - 326 Thread-674
1758806786895 - 325 Thread-675
1758806786895 - 324 Thread-676
1758806786895 - 323 Thread-677
1758806786895 - 322 Thread-678
1758806786895 - 321 Thread-679
1758806786895 - 320 Thread-680
1758806786895 - 319 Thread-681
1758806786895 - 318 Thread-682
1758806786895 - 317 Thread-683
1758806786895 - 316 Thread-684
1758806786895 - 315 Thread-685
1758806786895 - 314 Thread-686
1758806786895 - 313 Thread-687
1758806786895 - 312 Thread-688
1758806786895 - 311 Thread-689
1758806786895 - 310 Thread-690
1758806786895 - 309 Thread-691
1758806786895 - 307 Thread-693
1758806786895 - 308 Thread-692
1758806786896 - 306 Thread-694
1758806786896 - 305 Thread-695
1758806786896 - 304 Thread-696
1758806786896 - 303 Thread-697
1758806786896 - 302 Thread-698
1758806786896 - 301 Thread-699
1758806786896 - 300 Thread-700
1758806786896 - 299 Thread-701
1758806786896 - 298 Thread-702
1758806786896 - 297 Thread-703
1758806786896 - 296 Thread-704
1758806786896 - 295 Thread-705
1758806786896 - 294 Thread-706
1758806786896 - 293 Thread-707
1758806786896 - 292 Thread-708
1758806786896 - 291 Thread-709
1758806786898 - 286 Thread-714
1758806786898 - 290 Thread-710
1758806786898 - 287 Thread-713
1758806786898 - 288 Thread-712
1758806786898 - 289 Thread-711
1758806786898 - 285 Thread-715
1758806786898 - 284 Thread-716
1758806786898 - 283 Thread-717
1758806786898 - 282 Thread-718
1758806786898 - 281 Thread-719
1758806786898 - 280 Thread-720
1758806786898 - 279 Thread-721
1758806786898 - 278 Thread-722
1758806786898 - 277 Thread-723
1758806786898 - 276 Thread-724
1758806786898 - 275 Thread-725
1758806786898 - 274 Thread-726
1758806786898 - 273 Thread-727
1758806786898 - 272 Thread-728
1758806786898 - 271 Thread-729
1758806786899 - 270 Thread-730
1758806786899 - 269 Thread-731
1758806786899 - 268 Thread-732
1758806786899 - 267 Thread-733
1758806786899 - 266 Thread-734
1758806786899 - 265 Thread-735
1758806786899 - 264 Thread-736
1758806786899 - 263 Thread-737
1758806786899 - 262 Thread-738
1758806786899 - 261 Thread-739
1758806786899 - 260 Thread-740
1758806786899 - 259 Thread-741
1758806786899 - 258 Thread-742
1758806786899 - 257 Thread-743
1758806786899 - 256 Thread-744
1758806786899 - 255 Thread-745
1758806786899 - 254 Thread-746
1758806786899 - 253 Thread-747
1758806786899 - 252 Thread-748
1758806786899 - 251 Thread-749
1758806786899 - 250 Thread-750
1758806786899 - 249 Thread-751
1758806786899 - 248 Thread-752
1758806786899 - 247 Thread-753
1758806786899 - 246 Thread-754
1758806786899 - 245 Thread-755
1758806786900 - 244 Thread-756
1758806786900 - 243 Thread-757
1758806786900 - 242 Thread-758
1758806786900 - 241 Thread-759
1758806786900 - 240 Thread-760
1758806786900 - 239 Thread-761
1758806786900 - 238 Thread-762
1758806786900 - 237 Thread-763
1758806786900 - 236 Thread-764
1758806786900 - 235 Thread-765
1758806786900 - 234 Thread-766
1758806786900 - 233 Thread-767
1758806786900 - 232 Thread-768
1758806786900 - 231 Thread-769
1758806786900 - 230 Thread-770
1758806786900 - 229 Thread-771
1758806786900 - 228 Thread-772
1758806786900 - 227 Thread-773
1758806786900 - 226 Thread-774
1758806786900 - 225 Thread-775
1758806786900 - 224 Thread-776
1758806786900 - 223 Thread-777
1758806786900 - 222 Thread-778
1758806786900 - 221 Thread-779
1758806786900 - 220 Thread-780
1758806786900 - 219 Thread-781
1758806786900 - 218 Thread-782
1758806786900 - 217 Thread-783
1758806786901 - 216 Thread-784
1758806786901 - 215 Thread-785
1758806786901 - 214 Thread-786
1758806786901 - 213 Thread-787
1758806786901 - 212 Thread-788
1758806786901 - 211 Thread-789
1758806786901 - 210 Thread-790
1758806786901 - 209 Thread-791
1758806786901 - 208 Thread-792
1758806786901 - 207 Thread-793
1758806786901 - 206 Thread-794
1758806786901 - 205 Thread-795
1758806786901 - 204 Thread-796
1758806786901 - 203 Thread-797
1758806786901 - 202 Thread-798
1758806786901 - 201 Thread-799
1758806786901 - 200 Thread-800
1758806786901 - 199 Thread-801
1758806786901 - 198 Thread-802
1758806786901 - 197 Thread-803
1758806786901 - 196 Thread-804
1758806786901 - 195 Thread-805
1758806786901 - 194 Thread-806
1758806786901 - 193 Thread-807
1758806786901 - 192 Thread-808
1758806786901 - 191 Thread-809
1758806786902 - 190 Thread-810
1758806786902 - 189 Thread-811
1758806786902 - 188 Thread-812
1758806786902 - 187 Thread-813
1758806786902 - 186 Thread-814
1758806786902 - 185 Thread-815
1758806786902 - 184 Thread-816
1758806786902 - 183 Thread-817
1758806786902 - 182 Thread-818
1758806786902 - 181 Thread-819
1758806786902 - 180 Thread-820
1758806786902 - 179 Thread-821
1758806786902 - 178 Thread-822
1758806786902 - 177 Thread-823
1758806786902 - 176 Thread-824
1758806786902 - 175 Thread-825
1758806786902 - 174 Thread-826
1758806786902 - 173 Thread-827
1758806786902 - 172 Thread-828
1758806786902 - 171 Thread-829
1758806786903 - 170 Thread-830
1758806786903 - 169 Thread-831
1758806786903 - 168 Thread-832
1758806786903 - 167 Thread-833
1758806786903 - 166 Thread-834
1758806786903 - 165 Thread-835
1758806786903 - 164 Thread-836
1758806786903 - 163 Thread-837
1758806786903 - 162 Thread-838
1758806786903 - 161 Thread-839
1758806786903 - 160 Thread-840
1758806786903 - 159 Thread-841
1758806786903 - 158 Thread-842
1758806786903 - 157 Thread-843
1758806786903 - 156 Thread-844
1758806786903 - 155 Thread-845
1758806786903 - 154 Thread-846
1758806786903 - 153 Thread-847
1758806786903 - 152 Thread-848
1758806786903 - 151 Thread-849
1758806786903 - 150 Thread-850
1758806786904 - 149 Thread-851
1758806786904 - 148 Thread-852
1758806786904 - 147 Thread-853
1758806786904 - 146 Thread-854
1758806786904 - 145 Thread-855
1758806786904 - 144 Thread-856
1758806786904 - 143 Thread-857
1758806786904 - 142 Thread-858
1758806786904 - 141 Thread-859
1758806786904 - 140 Thread-860
1758806786904 - 139 Thread-861
1758806786904 - 138 Thread-862
1758806786904 - 137 Thread-863
1758806786904 - 136 Thread-864
1758806786904 - 135 Thread-865
1758806786904 - 134 Thread-866
1758806786904 - 133 Thread-867
1758806786904 - 132 Thread-868
1758806786904 - 131 Thread-869
1758806786904 - 130 Thread-870
1758806786904 - 129 Thread-871
1758806786904 - 128 Thread-872
1758806786904 - 127 Thread-873
1758806786904 - 126 Thread-874
1758806786904 - 125 Thread-875
1758806786904 - 124 Thread-876
1758806786904 - 123 Thread-877
1758806786904 - 122 Thread-878
1758806786905 - 121 Thread-879
1758806786905 - 120 Thread-880
1758806786905 - 119 Thread-881
1758806786905 - 118 Thread-882
1758806786905 - 117 Thread-883
1758806786905 - 116 Thread-884
1758806786905 - 115 Thread-885
1758806786905 - 114 Thread-886
1758806786905 - 113 Thread-887
1758806786905 - 112 Thread-888
1758806786905 - 111 Thread-889
1758806786905 - 110 Thread-890
1758806786905 - 109 Thread-891
1758806786905 - 108 Thread-892
1758806786905 - 107 Thread-893
1758806786905 - 106 Thread-894
1758806786905 - 105 Thread-895
1758806786905 - 104 Thread-896
1758806786905 - 103 Thread-897
1758806786905 - 102 Thread-898
1758806786905 - 101 Thread-899
1758806786905 - 100 Thread-900
1758806786905 - 99 Thread-901
1758806786905 - 98 Thread-902
1758806786905 - 97 Thread-903
1758806786905 - 96 Thread-904
1758806786905 - 95 Thread-905
1758806786905 - 94 Thread-906
1758806786905 - 93 Thread-907
1758806786905 - 92 Thread-908
1758806786906 - 91 Thread-909
1758806786906 - 90 Thread-910
1758806786906 - 89 Thread-911
1758806786906 - 88 Thread-912
1758806786906 - 87 Thread-913
1758806786906 - 85 Thread-915
1758806786906 - 86 Thread-914
1758806786906 - 84 Thread-916
1758806786906 - 83 Thread-917
1758806786906 - 82 Thread-918
1758806786906 - 81 Thread-919
1758806786906 - 80 Thread-920
1758806786906 - 79 Thread-921
1758806786906 - 78 Thread-922
1758806786906 - 77 Thread-923
1758806786906 - 76 Thread-924
1758806786906 - 75 Thread-925
1758806786906 - 74 Thread-926
1758806786906 - 73 Thread-927
1758806786906 - 72 Thread-928
1758806786906 - 71 Thread-929
1758806786906 - 70 Thread-930
1758806786907 - 69 Thread-931
1758806786907 - 67 Thread-933
1758806786907 - 66 Thread-934
1758806786907 - 68 Thread-932
1758806786907 - 65 Thread-935
1758806786907 - 64 Thread-936
1758806786907 - 63 Thread-937
1758806786907 - 62 Thread-938
1758806786907 - 61 Thread-939
1758806786907 - 60 Thread-940
1758806786907 - 59 Thread-941
1758806786907 - 58 Thread-942
1758806786907 - 57 Thread-943
1758806786907 - 56 Thread-944
1758806786907 - 55 Thread-945
1758806786907 - 54 Thread-946
1758806786907 - 53 Thread-947
1758806786907 - 52 Thread-948
1758806786907 - 51 Thread-949
1758806786907 - 50 Thread-950
1758806786907 - 49 Thread-951
1758806786907 - 48 Thread-952
1758806786907 - 47 Thread-953
1758806786907 - 46 Thread-954
1758806786908 - 45 Thread-955
1758806786908 - 44 Thread-956
1758806786908 - 43 Thread-957
1758806786908 - 42 Thread-958
1758806786908 - 41 Thread-959
1758806786908 - 40 Thread-960
1758806786908 - 39 Thread-961
1758806786908 - 38 Thread-962
1758806786908 - 37 Thread-963
1758806786908 - 36 Thread-964
1758806786908 - 35 Thread-965
1758806786908 - 34 Thread-966
1758806786908 - 33 Thread-967
1758806786908 - 32 Thread-968
1758806786908 - 31 Thread-969
1758806786908 - 30 Thread-970
1758806786908 - 29 Thread-971
1758806786908 - 28 Thread-972
1758806786908 - 27 Thread-973
1758806786908 - 26 Thread-974
1758806786908 - 25 Thread-975
1758806786908 - 24 Thread-976
1758806786908 - 23 Thread-977
1758806786908 - 22 Thread-978
1758806786908 - 21 Thread-979
1758806786908 - 20 Thread-980
1758806786908 - 19 Thread-981
1758806786908 - 18 Thread-982
1758806786908 - 17 Thread-983
1758806786908 - 16 Thread-984
1758806786909 - 15 Thread-985
1758806786909 - 14 Thread-986
1758806786909 - 13 Thread-987
1758806786909 - 12 Thread-988
1758806786909 - 11 Thread-989
1758806786909 - 10 Thread-990
1758806786909 - 9 Thread-991
1758806786909 - 8 Thread-992
1758806786909 - 7 Thread-993
1758806786909 - 6 Thread-994
1758806786909 - 5 Thread-995
1758806786909 - 4 Thread-996
1758806786909 - 3 Thread-997
1758806786909 - 2 Thread-998
1758806786909 - 1 Thread-999
1758806786909 - 0 Thread-1000
